<?xml version="1.0" encoding="UTF-8"?>
<testsuite name="ComputerRepairRequestTest" tests="2" skipped="0" failures="0" errors="0" timestamp="2023-03-06T16:46:09" hostname="DESKTOP-4LBOCPH" time="0.017">
  <properties/>
  <testcase name="First Test" classname="ComputerRepairRequestTest" time="0.016"/>
  <testcase name="Second test" classname="ComputerRepairRequestTest" time="0.0"/>
  <system-out><![CDATA[]]></system-out>
  <system-err><![CDATA[]]></system-err>
</testsuite>
